<?xml version="1.0" encoding="UTF-8"?>
<!-- Generated by org.testng.reporters.JUnitXMLReporter -->
<testsuite ignored="0" hostname="DESKTOP-H7ATO7U" failures="2" tests="2" name="chrome" time="39.398" errors="0" timestamp="2022-04-25T18:11:47 IST">
  <testcase classname="com.mystore.testcases.IndexPageTest" name="verifyLogo" time="0.131">
    <failure type="java.lang.AssertionError" message="expected [true] but found [false]">
      <![CDATA[java.lang.AssertionError: expected [true] but found [false]
at com.mystore.testcases.IndexPageTest.verifyLogo(IndexPageTest.java:36)
at java.base/java.util.ArrayList.forEach(ArrayList.java:1511)
... Removed 31 stack frames]]>
    </failure>
  </testcase> <!-- verifyLogo -->
  <testcase classname="com.mystore.testcases.IndexPageTest" name="verifyTitle" time="0.015">
    <failure type="java.lang.AssertionError" message="expected [My Store] but found []">
      <![CDATA[java.lang.AssertionError: expected [My Store] but found []
at com.mystore.testcases.IndexPageTest.verifyTitle(IndexPageTest.java:54)
at java.base/java.util.ArrayList.forEach(ArrayList.java:1511)
... Removed 33 stack frames]]>
    </failure>
  </testcase> <!-- verifyTitle -->
</testsuite> <!-- chrome -->
